<?xml version="1.0"?>
<testsuite name="HeadlessChrome 86.0.4240 (Windows 10.0.0)" package="unit" timestamp="2020-11-02T06:52:04" id="0" hostname="lhrlt-833" tests="5" errors="0" failures="3" time="0.317">
  <properties>
    <property name="browser.fullName" value="Mozilla/5.0 (Windows NT 10.0; Win64; x64) AppleWebKit/537.36 (KHTML, like Gecko) HeadlessChrome/86.0.4240.111 Safari/537.36"/>
  </properties>
  <testcase name="TemperatureConverter Typing value in Celsius field gets correct Fahrenheit value" time="0.161" classname=".TemperatureConverter"/>
  <testcase name="TemperatureConverter Typing value in Celsius field gets correct Fahrenheit value upto 1 decimal values" time="0.041" classname=".TemperatureConverter"/>
  <testcase name="TemperatureConverter Perform series of actions" time="0.051" classname=".TemperatureConverter">
    <failure type="">Error: Expected -7.777777777777779 to equal -12.2.
    at &lt;Jasmine&gt;
    at http://localhost:9876/_karma_webpack_/src/app/temperatureConverter/temperatureConverter.component.spec.ts:84:40
    at &lt;Jasmine&gt;
    at fulfilled (http://localhost:9876/_karma_webpack_/node_modules/tslib/tslib.es6.js:71:42)
</failure>
    <failure type="">Error: Expected 182.22222222222223 to equal 93.3.
    at &lt;Jasmine&gt;
    at http://localhost:9876/_karma_webpack_/src/app/temperatureConverter/temperatureConverter.component.spec.ts:92:40
    at &lt;Jasmine&gt;
    at fulfilled (http://localhost:9876/_karma_webpack_/node_modules/tslib/tslib.es6.js:71:42)
</failure>
  </testcase>
  <testcase name="TemperatureConverter Typing value in Fahrenheit field gets correct Celsius value" time="0.033" classname=".TemperatureConverter">
    <failure type="">Error: Expected 914.2222222222222 to equal 500.
    at &lt;Jasmine&gt;
    at http://localhost:9876/_karma_webpack_/src/app/temperatureConverter/temperatureConverter.component.spec.ts:72:40
    at &lt;Jasmine&gt;
    at fulfilled (http://localhost:9876/_karma_webpack_/node_modules/tslib/tslib.es6.js:71:42)
</failure>
  </testcase>
  <testcase name="TemperatureConverter Typing value in Fahrenheit field gets correct Celsius value upto 1 decimal values" time="0.031" classname=".TemperatureConverter">
    <failure type="">Error: Expected 82.22222222222223 to equal 37.8.
    at &lt;Jasmine&gt;
    at http://localhost:9876/_karma_webpack_/src/app/temperatureConverter/temperatureConverter.component.spec.ts:78:40
    at &lt;Jasmine&gt;
    at fulfilled (http://localhost:9876/_karma_webpack_/node_modules/tslib/tslib.es6.js:71:42)
</failure>
  </testcase>
  <system-out>
    <![CDATA[
]]>
  </system-out>
  <system-err/>
</testsuite>